<?xml version="1.0" encoding="UTF-8"?>
<!-- Generated by org.testng.reporters.JUnitReportReporter -->
<testsuite hostname="LAPTOP-63MOL0LE" failures="0" tests="6" name="TestNG.TestNg_Assertions" time="0.014" errors="0" timestamp="2023-03-31T17:30:34 IST" skipped="0">
  <testcase classname="TestNG.TestNg_Assertions" name="test2" time="0.001"/>
  <system-out>
    <![CDATA[running test2 method]]>
  </system-out>
  <testcase classname="TestNG.TestNg_Assertions" name="test3" time="0.001"/>
  <system-out>
    <![CDATA[running test3 method]]>
  </system-out>
  <testcase classname="TestNG.TestNg_Assertions" name="test1" time="0.009"/>
  <system-out>
    <![CDATA[running test1 method]]>
  </system-out>
  <testcase classname="TestNG.TestNg_Assertions" name="test6" time="0.001"/>
  <system-out>
    <![CDATA[running test6 method]]>
  </system-out>
  <testcase classname="TestNG.TestNg_Assertions" name="test5" time="0.001"/>
  <system-out>
    <![CDATA[running test5 method]]>
  </system-out>
  <testcase classname="TestNG.TestNg_Assertions" name="test4" time="0.001"/>
  <system-out>
    <![CDATA[running test4 method]]>
  </system-out>
</testsuite> <!-- TestNG.TestNg_Assertions -->
