<?xml version="1.0" encoding="UTF-8"?>
<!-- Generated by org.testng.reporters.JUnitReportReporter -->
<testsuite hostname="LAPTOP-63MOL0LE" failures="0" tests="5" name="TestNG.dataProviderAnnotations" time="0.014" errors="0" timestamp="2023-04-03T13:36:14 IST" skipped="0">
  <testcase classname="TestNG.dataProviderAnnotations" name="TC1" time="0.002"/>
  <system-out/>
  <testcase classname="TestNG.dataProviderAnnotations" name="TC1" time="0.007"/>
  <system-out/>
  <testcase classname="TestNG.dataProviderAnnotations" name="TC1" time="0.001"/>
  <system-out/>
  <testcase classname="TestNG.dataProviderAnnotations" name="TC1" time="0.002"/>
  <system-out/>
  <testcase classname="TestNG.dataProviderAnnotations" name="TC1" time="0.002"/>
  <system-out/>
</testsuite> <!-- TestNG.dataProviderAnnotations -->
