<?xml version="1.0" encoding="UTF-8"?>
<!-- Generated by org.testng.reporters.JUnitReportReporter -->
<testsuite hostname="LAPTOP-63MOL0LE" failures="0" tests="7" name="TestNG.TestNG_Group" time="0.029" errors="0" timestamp="2023-04-08T19:52:56 IST" skipped="0">
  <testcase classname="TestNG.TestNG_Group" name="TC4" time="0.003"/>
  <system-out>
    <![CDATA[running TC4]]>
  </system-out>
  <testcase classname="TestNG.TestNG_Group" name="TC3" time="0.001"/>
  <system-out>
    <![CDATA[running TC3]]>
  </system-out>
  <testcase classname="TestNG.TestNG_Group" name="TC5" time="0.009"/>
  <system-out>
    <![CDATA[running TC5]]>
  </system-out>
  <testcase classname="TestNG.TestNG_Group" name="TC7" time="0.002"/>
  <system-out>
    <![CDATA[running TC7]]>
  </system-out>
  <testcase classname="TestNG.TestNG_Group" name="TC1" time="0.012"/>
  <system-out>
    <![CDATA[running TC1]]>
  </system-out>
  <testcase classname="TestNG.TestNG_Group" name="TC6" time="0.001"/>
  <system-out>
    <![CDATA[running TC6]]>
  </system-out>
  <testcase classname="TestNG.TestNG_Group" name="TC2" time="0.001"/>
  <system-out>
    <![CDATA[running TC2]]>
  </system-out>
</testsuite> <!-- TestNG.TestNG_Group -->
