<?xml version="1.0" encoding="UTF-8"?>
<!-- Generated by org.testng.reporters.JUnitReportReporter -->
<testsuite hostname="LAPTOP-63MOL0LE" failures="0" tests="2" name="TestNG.TestNG_Annotations" time="0.008" errors="0" timestamp="2023-03-31T17:47:25 IST" skipped="0">
  <testcase classname="TestNG.TestNG_Annotations" name="verifyPWD" time="0.006"/>
  <system-out/>
  <testcase classname="TestNG.TestNG_Annotations" name="verifyUN" time="0.002"/>
  <system-out/>
</testsuite> <!-- TestNG.TestNG_Annotations -->
