<?xml version="1.0" encoding="UTF-8"?>
<!-- Generated by org.testng.reporters.JUnitReportReporter -->
<testsuite hostname="LAPTOP-63MOL0LE" failures="0" tests="1" name="TestNG.testNG" time="0.011" errors="0" timestamp="2023-03-30T14:58:02 IST" skipped="0">
  <testcase classname="TestNG.testNG" name="test" time="0.011"/>
  <system-out>
    <![CDATA[Running test method
running tesr Method]]>
  </system-out>
</testsuite> <!-- TestNG.testNG -->
