<?xml version="1.0" encoding="UTF-8"?>
<!-- Generated by org.testng.reporters.JUnitReportReporter -->
<testsuite hostname="LAPTOP-63MOL0LE" failures="0" tests="1" name="TestNG.sample2" time="0.010" errors="0" timestamp="2023-04-02T19:25:39 IST" skipped="0">
  <testcase classname="TestNG.sample2" name="TC6" time="0.010"/>
  <system-out>
    <![CDATA[running TC6]]>
  </system-out>
</testsuite> <!-- TestNG.sample2 -->
